24-Mar-2020 00:10:22.898 INFO [main] org.apache.catalina.core.ApplicationContext.log SessionListener: contextDestroyed()
24-Mar-2020 00:10:22.898 INFO [main] org.apache.catalina.core.ApplicationContext.log ContextListener: contextDestroyed()
24-Mar-2020 00:12:52.129 INFO [main] org.apache.catalina.core.ApplicationContext.log ContextListener: contextInitialized()
24-Mar-2020 00:12:52.130 INFO [main] org.apache.catalina.core.ApplicationContext.log SessionListener: contextInitialized()
24-Mar-2020 00:12:52.133 INFO [main] org.apache.catalina.core.ApplicationContext.log ContextListener: attributeAdded('StockTicker', 'async.Stockticker@7661b5a')
24-Mar-2020 00:47:42.870 INFO [main] org.apache.catalina.core.ApplicationContext.log SessionListener: contextDestroyed()
24-Mar-2020 00:47:42.870 INFO [main] org.apache.catalina.core.ApplicationContext.log ContextListener: contextDestroyed()
24-Mar-2020 00:47:49.660 INFO [main] org.apache.catalina.core.ApplicationContext.log ContextListener: contextInitialized()
24-Mar-2020 00:47:49.660 INFO [main] org.apache.catalina.core.ApplicationContext.log SessionListener: contextInitialized()
24-Mar-2020 00:47:49.664 INFO [main] org.apache.catalina.core.ApplicationContext.log ContextListener: attributeAdded('StockTicker', 'async.Stockticker@4e08acf9')
24-Mar-2020 00:53:06.213 INFO [main] org.apache.catalina.core.ApplicationContext.log SessionListener: contextDestroyed()
24-Mar-2020 00:53:06.213 INFO [main] org.apache.catalina.core.ApplicationContext.log ContextListener: contextDestroyed()
24-Mar-2020 00:53:13.749 INFO [main] org.apache.catalina.core.ApplicationContext.log ContextListener: contextInitialized()
24-Mar-2020 00:53:13.749 INFO [main] org.apache.catalina.core.ApplicationContext.log SessionListener: contextInitialized()
24-Mar-2020 00:53:13.752 INFO [main] org.apache.catalina.core.ApplicationContext.log ContextListener: attributeAdded('StockTicker', 'async.Stockticker@65c33b92')
24-Mar-2020 00:59:16.226 INFO [main] org.apache.catalina.core.ApplicationContext.log SessionListener: contextDestroyed()
24-Mar-2020 00:59:16.226 INFO [main] org.apache.catalina.core.ApplicationContext.log ContextListener: contextDestroyed()
24-Mar-2020 00:59:34.087 INFO [main] org.apache.catalina.core.ApplicationContext.log ContextListener: contextInitialized()
24-Mar-2020 00:59:34.088 INFO [main] org.apache.catalina.core.ApplicationContext.log SessionListener: contextInitialized()
24-Mar-2020 00:59:34.091 INFO [main] org.apache.catalina.core.ApplicationContext.log ContextListener: attributeAdded('StockTicker', 'async.Stockticker@42373389')
24-Mar-2020 01:02:21.091 INFO [main] org.apache.catalina.core.ApplicationContext.log SessionListener: contextDestroyed()
24-Mar-2020 01:02:21.091 INFO [main] org.apache.catalina.core.ApplicationContext.log ContextListener: contextDestroyed()
24-Mar-2020 01:02:34.911 INFO [main] org.apache.catalina.core.ApplicationContext.log ContextListener: contextInitialized()
24-Mar-2020 01:02:34.911 INFO [main] org.apache.catalina.core.ApplicationContext.log SessionListener: contextInitialized()
24-Mar-2020 01:02:34.914 INFO [main] org.apache.catalina.core.ApplicationContext.log ContextListener: attributeAdded('StockTicker', 'async.Stockticker@42373389')
24-Mar-2020 01:06:06.028 INFO [main] org.apache.catalina.core.ApplicationContext.log SessionListener: contextDestroyed()
24-Mar-2020 01:06:06.028 INFO [main] org.apache.catalina.core.ApplicationContext.log ContextListener: contextDestroyed()
24-Mar-2020 01:06:12.239 INFO [main] org.apache.catalina.core.ApplicationContext.log ContextListener: contextInitialized()
24-Mar-2020 01:06:12.240 INFO [main] org.apache.catalina.core.ApplicationContext.log SessionListener: contextInitialized()
24-Mar-2020 01:06:12.243 INFO [main] org.apache.catalina.core.ApplicationContext.log ContextListener: attributeAdded('StockTicker', 'async.Stockticker@397ef2')
24-Mar-2020 01:06:49.472 SEVERE [http-nio-8081-exec-9] org.apache.catalina.core.StandardWrapperValve.invoke Servlet.service() for servlet [upload] in context with path [/midp] threw exception [File Name can't be null or empty] with root cause
	javax.servlet.ServletException: File Name can't be null or empty
		at UploadServlet.doGet(UploadServlet.java:46)
		at javax.servlet.http.HttpServlet.service(HttpServlet.java:634)
		at javax.servlet.http.HttpServlet.service(HttpServlet.java:741)
		at org.apache.catalina.core.ApplicationFilterChain.internalDoFilter(ApplicationFilterChain.java:231)
		at org.apache.catalina.core.ApplicationFilterChain.doFilter(ApplicationFilterChain.java:166)
		at org.apache.tomcat.websocket.server.WsFilter.doFilter(WsFilter.java:53)
		at org.apache.catalina.core.ApplicationFilterChain.internalDoFilter(ApplicationFilterChain.java:193)
		at org.apache.catalina.core.ApplicationFilterChain.doFilter(ApplicationFilterChain.java:166)
		at org.apache.catalina.core.StandardWrapperValve.invoke(StandardWrapperValve.java:202)
		at org.apache.catalina.core.StandardContextValve.invoke(StandardContextValve.java:96)
		at org.apache.catalina.authenticator.AuthenticatorBase.invoke(AuthenticatorBase.java:526)
		at org.apache.catalina.core.StandardHostValve.invoke(StandardHostValve.java:139)
		at org.apache.catalina.valves.ErrorReportValve.invoke(ErrorReportValve.java:92)
		at org.apache.catalina.valves.AbstractAccessLogValve.invoke(AbstractAccessLogValve.java:678)
		at org.apache.catalina.core.StandardEngineValve.invoke(StandardEngineValve.java:74)
		at org.apache.catalina.connector.CoyoteAdapter.service(CoyoteAdapter.java:343)
		at org.apache.coyote.http11.Http11Processor.service(Http11Processor.java:408)
		at org.apache.coyote.AbstractProcessorLight.process(AbstractProcessorLight.java:66)
		at org.apache.coyote.AbstractProtocol$ConnectionHandler.process(AbstractProtocol.java:860)
		at org.apache.tomcat.util.net.NioEndpoint$SocketProcessor.doRun(NioEndpoint.java:1587)
		at org.apache.tomcat.util.net.SocketProcessorBase.run(SocketProcessorBase.java:49)
		at java.base/java.util.concurrent.ThreadPoolExecutor.runWorker(ThreadPoolExecutor.java:1128)
		at java.base/java.util.concurrent.ThreadPoolExecutor$Worker.run(ThreadPoolExecutor.java:628)
		at org.apache.tomcat.util.threads.TaskThread$WrappingRunnable.run(TaskThread.java:61)
		at java.base/java.lang.Thread.run(Thread.java:830)
24-Mar-2020 01:08:49.929 INFO [main] org.apache.catalina.core.ApplicationContext.log SessionListener: contextDestroyed()
24-Mar-2020 01:08:49.929 INFO [main] org.apache.catalina.core.ApplicationContext.log ContextListener: contextDestroyed()
24-Mar-2020 01:08:55.902 INFO [main] org.apache.catalina.core.ApplicationContext.log ContextListener: contextInitialized()
24-Mar-2020 01:08:55.902 INFO [main] org.apache.catalina.core.ApplicationContext.log SessionListener: contextInitialized()
24-Mar-2020 01:08:55.905 INFO [main] org.apache.catalina.core.ApplicationContext.log ContextListener: attributeAdded('StockTicker', 'async.Stockticker@397ef2')
24-Mar-2020 01:15:51.030 INFO [main] org.apache.catalina.core.ApplicationContext.log SessionListener: contextDestroyed()
24-Mar-2020 01:15:51.030 INFO [main] org.apache.catalina.core.ApplicationContext.log ContextListener: contextDestroyed()
24-Mar-2020 01:16:00.215 INFO [main] org.apache.catalina.core.ApplicationContext.log ContextListener: contextInitialized()
24-Mar-2020 01:16:00.215 INFO [main] org.apache.catalina.core.ApplicationContext.log SessionListener: contextInitialized()
24-Mar-2020 01:16:00.218 INFO [main] org.apache.catalina.core.ApplicationContext.log ContextListener: attributeAdded('StockTicker', 'async.Stockticker@4e08acf9')
24-Mar-2020 01:25:17.330 INFO [main] org.apache.catalina.core.ApplicationContext.log SessionListener: contextDestroyed()
24-Mar-2020 01:25:17.331 INFO [main] org.apache.catalina.core.ApplicationContext.log ContextListener: contextDestroyed()
24-Mar-2020 01:25:23.185 INFO [main] org.apache.catalina.core.ApplicationContext.log ContextListener: contextInitialized()
24-Mar-2020 01:25:23.185 INFO [main] org.apache.catalina.core.ApplicationContext.log SessionListener: contextInitialized()
24-Mar-2020 01:25:23.189 INFO [main] org.apache.catalina.core.ApplicationContext.log ContextListener: attributeAdded('StockTicker', 'async.Stockticker@397ef2')
24-Mar-2020 01:27:29.386 INFO [main] org.apache.catalina.core.ApplicationContext.log SessionListener: contextDestroyed()
24-Mar-2020 01:27:29.386 INFO [main] org.apache.catalina.core.ApplicationContext.log ContextListener: contextDestroyed()
24-Mar-2020 01:27:46.102 INFO [main] org.apache.catalina.core.ApplicationContext.log ContextListener: contextInitialized()
24-Mar-2020 01:27:46.102 INFO [main] org.apache.catalina.core.ApplicationContext.log SessionListener: contextInitialized()
24-Mar-2020 01:27:46.105 INFO [main] org.apache.catalina.core.ApplicationContext.log ContextListener: attributeAdded('StockTicker', 'async.Stockticker@65c33b92')
24-Mar-2020 01:30:15.411 INFO [main] org.apache.catalina.core.ApplicationContext.log SessionListener: contextDestroyed()
24-Mar-2020 01:30:15.411 INFO [main] org.apache.catalina.core.ApplicationContext.log ContextListener: contextDestroyed()
24-Mar-2020 01:30:24.683 INFO [main] org.apache.catalina.core.ApplicationContext.log ContextListener: contextInitialized()
24-Mar-2020 01:30:24.683 INFO [main] org.apache.catalina.core.ApplicationContext.log SessionListener: contextInitialized()
24-Mar-2020 01:30:24.686 INFO [main] org.apache.catalina.core.ApplicationContext.log ContextListener: attributeAdded('StockTicker', 'async.Stockticker@36a6bea6')
24-Mar-2020 01:44:48.583 INFO [main] org.apache.catalina.core.ApplicationContext.log SessionListener: contextDestroyed()
24-Mar-2020 01:44:48.583 INFO [main] org.apache.catalina.core.ApplicationContext.log ContextListener: contextDestroyed()
24-Mar-2020 01:44:56.657 INFO [main] org.apache.catalina.core.ApplicationContext.log ContextListener: contextInitialized()
24-Mar-2020 01:44:56.657 INFO [main] org.apache.catalina.core.ApplicationContext.log SessionListener: contextInitialized()
24-Mar-2020 01:44:56.660 INFO [main] org.apache.catalina.core.ApplicationContext.log ContextListener: attributeAdded('StockTicker', 'async.Stockticker@4e08acf9')
24-Mar-2020 01:49:41.769 INFO [main] org.apache.catalina.core.ApplicationContext.log SessionListener: contextDestroyed()
24-Mar-2020 01:49:41.769 INFO [main] org.apache.catalina.core.ApplicationContext.log ContextListener: contextDestroyed()
24-Mar-2020 01:50:56.654 INFO [main] org.apache.catalina.core.ApplicationContext.log ContextListener: contextInitialized()
24-Mar-2020 01:50:56.654 INFO [main] org.apache.catalina.core.ApplicationContext.log SessionListener: contextInitialized()
24-Mar-2020 01:50:56.660 INFO [main] org.apache.catalina.core.ApplicationContext.log ContextListener: attributeAdded('StockTicker', 'async.Stockticker@397ef2')
24-Mar-2020 01:54:30.967 INFO [main] org.apache.catalina.core.ApplicationContext.log SessionListener: contextDestroyed()
24-Mar-2020 01:54:30.967 INFO [main] org.apache.catalina.core.ApplicationContext.log ContextListener: contextDestroyed()
24-Mar-2020 01:55:54.228 INFO [main] org.apache.catalina.core.ApplicationContext.log ContextListener: contextInitialized()
24-Mar-2020 01:55:54.228 INFO [main] org.apache.catalina.core.ApplicationContext.log SessionListener: contextInitialized()
24-Mar-2020 01:55:54.234 INFO [main] org.apache.catalina.core.ApplicationContext.log ContextListener: attributeAdded('StockTicker', 'async.Stockticker@7903d448')
24-Mar-2020 02:01:00.005 INFO [main] org.apache.catalina.core.ApplicationContext.log SessionListener: contextDestroyed()
24-Mar-2020 02:01:00.005 INFO [main] org.apache.catalina.core.ApplicationContext.log ContextListener: contextDestroyed()
24-Mar-2020 02:01:06.342 INFO [main] org.apache.catalina.core.ApplicationContext.log ContextListener: contextInitialized()
24-Mar-2020 02:01:06.342 INFO [main] org.apache.catalina.core.ApplicationContext.log SessionListener: contextInitialized()
24-Mar-2020 02:01:06.345 INFO [main] org.apache.catalina.core.ApplicationContext.log ContextListener: attributeAdded('StockTicker', 'async.Stockticker@35267fd4')
24-Mar-2020 02:03:22.886 INFO [main] org.apache.catalina.core.ApplicationContext.log SessionListener: contextDestroyed()
24-Mar-2020 02:03:22.886 INFO [main] org.apache.catalina.core.ApplicationContext.log ContextListener: contextDestroyed()
24-Mar-2020 02:03:28.315 INFO [main] org.apache.catalina.core.ApplicationContext.log ContextListener: contextInitialized()
24-Mar-2020 02:03:28.315 INFO [main] org.apache.catalina.core.ApplicationContext.log SessionListener: contextInitialized()
24-Mar-2020 02:03:28.319 INFO [main] org.apache.catalina.core.ApplicationContext.log ContextListener: attributeAdded('StockTicker', 'async.Stockticker@36a6bea6')
24-Mar-2020 02:04:48.043 INFO [main] org.apache.catalina.core.ApplicationContext.log SessionListener: contextDestroyed()
24-Mar-2020 02:04:48.047 INFO [main] org.apache.catalina.core.ApplicationContext.log ContextListener: contextDestroyed()
24-Mar-2020 02:04:55.878 INFO [main] org.apache.catalina.core.ApplicationContext.log ContextListener: contextInitialized()
24-Mar-2020 02:04:55.878 INFO [main] org.apache.catalina.core.ApplicationContext.log SessionListener: contextInitialized()
24-Mar-2020 02:04:55.883 INFO [main] org.apache.catalina.core.ApplicationContext.log ContextListener: attributeAdded('StockTicker', 'async.Stockticker@397ef2')
24-Mar-2020 08:58:24.240 INFO [main] org.apache.catalina.core.ApplicationContext.log ContextListener: contextInitialized()
24-Mar-2020 08:58:24.240 INFO [main] org.apache.catalina.core.ApplicationContext.log SessionListener: contextInitialized()
24-Mar-2020 08:58:24.240 INFO [main] org.apache.catalina.core.ApplicationContext.log ContextListener: attributeAdded('StockTicker', 'async.Stockticker@7661b5a')
24-Mar-2020 08:58:47.875 INFO [http-nio-8081-exec-1] org.apache.catalina.core.ApplicationContext.log Marking servlet [Photos] as unavailable
24-Mar-2020 08:58:47.876 SEVERE [http-nio-8081-exec-1] org.apache.catalina.core.StandardWrapperValve.invoke Allocate exception for servlet [Photos]
	java.lang.ClassNotFoundException: HitServlet
		at org.apache.catalina.loader.WebappClassLoaderBase.loadClass(WebappClassLoaderBase.java:1365)
		at org.apache.catalina.loader.WebappClassLoaderBase.loadClass(WebappClassLoaderBase.java:1188)
		at org.apache.catalina.core.DefaultInstanceManager.loadClass(DefaultInstanceManager.java:540)
		at org.apache.catalina.core.DefaultInstanceManager.loadClassMaybePrivileged(DefaultInstanceManager.java:521)
		at org.apache.catalina.core.DefaultInstanceManager.newInstance(DefaultInstanceManager.java:150)
		at org.apache.catalina.core.StandardWrapper.loadServlet(StandardWrapper.java:1042)
		at org.apache.catalina.core.StandardWrapper.allocate(StandardWrapper.java:761)
		at org.apache.catalina.core.StandardWrapperValve.invoke(StandardWrapperValve.java:135)
		at org.apache.catalina.core.StandardContextValve.invoke(StandardContextValve.java:96)
		at org.apache.catalina.authenticator.AuthenticatorBase.invoke(AuthenticatorBase.java:526)
		at org.apache.catalina.core.StandardHostValve.invoke(StandardHostValve.java:139)
		at org.apache.catalina.valves.ErrorReportValve.invoke(ErrorReportValve.java:92)
		at org.apache.catalina.valves.AbstractAccessLogValve.invoke(AbstractAccessLogValve.java:678)
		at org.apache.catalina.core.StandardEngineValve.invoke(StandardEngineValve.java:74)
		at org.apache.catalina.connector.CoyoteAdapter.service(CoyoteAdapter.java:343)
		at org.apache.coyote.http11.Http11Processor.service(Http11Processor.java:408)
		at org.apache.coyote.AbstractProcessorLight.process(AbstractProcessorLight.java:66)
		at org.apache.coyote.AbstractProtocol$ConnectionHandler.process(AbstractProtocol.java:860)
		at org.apache.tomcat.util.net.NioEndpoint$SocketProcessor.doRun(NioEndpoint.java:1587)
		at org.apache.tomcat.util.net.SocketProcessorBase.run(SocketProcessorBase.java:49)
		at java.base/java.util.concurrent.ThreadPoolExecutor.runWorker(ThreadPoolExecutor.java:1128)
		at java.base/java.util.concurrent.ThreadPoolExecutor$Worker.run(ThreadPoolExecutor.java:628)
		at org.apache.tomcat.util.threads.TaskThread$WrappingRunnable.run(TaskThread.java:61)
		at java.base/java.lang.Thread.run(Thread.java:830)
24-Mar-2020 08:59:54.876 INFO [main] org.apache.catalina.core.ApplicationContext.log SessionListener: contextDestroyed()
24-Mar-2020 08:59:54.877 INFO [main] org.apache.catalina.core.ApplicationContext.log ContextListener: contextDestroyed()
24-Mar-2020 09:01:34.708 INFO [main] org.apache.catalina.core.ApplicationContext.log ContextListener: contextInitialized()
24-Mar-2020 09:01:34.708 INFO [main] org.apache.catalina.core.ApplicationContext.log SessionListener: contextInitialized()
24-Mar-2020 09:01:34.708 INFO [main] org.apache.catalina.core.ApplicationContext.log ContextListener: attributeAdded('StockTicker', 'async.Stockticker@36a6bea6')
24-Mar-2020 09:01:55.529 SEVERE [http-nio-8081-exec-3] org.apache.catalina.core.StandardWrapperValve.invoke Servlet.service() for servlet [Search] in context with path [/midp] threw exception
	java.lang.NullPointerException
		at sqlTransfer.DataTransfer.ReadDB(DataTransfer.java:100)
		at SearchServlet.doPost(SearchServlet.java:129)
		at javax.servlet.http.HttpServlet.service(HttpServlet.java:660)
		at javax.servlet.http.HttpServlet.service(HttpServlet.java:741)
		at org.apache.catalina.core.ApplicationFilterChain.internalDoFilter(ApplicationFilterChain.java:231)
		at org.apache.catalina.core.ApplicationFilterChain.doFilter(ApplicationFilterChain.java:166)
		at org.apache.tomcat.websocket.server.WsFilter.doFilter(WsFilter.java:53)
		at org.apache.catalina.core.ApplicationFilterChain.internalDoFilter(ApplicationFilterChain.java:193)
		at org.apache.catalina.core.ApplicationFilterChain.doFilter(ApplicationFilterChain.java:166)
		at org.apache.catalina.core.StandardWrapperValve.invoke(StandardWrapperValve.java:202)
		at org.apache.catalina.core.StandardContextValve.invoke(StandardContextValve.java:96)
		at org.apache.catalina.authenticator.AuthenticatorBase.invoke(AuthenticatorBase.java:526)
		at org.apache.catalina.core.StandardHostValve.invoke(StandardHostValve.java:139)
		at org.apache.catalina.valves.ErrorReportValve.invoke(ErrorReportValve.java:92)
		at org.apache.catalina.valves.AbstractAccessLogValve.invoke(AbstractAccessLogValve.java:678)
		at org.apache.catalina.core.StandardEngineValve.invoke(StandardEngineValve.java:74)
		at org.apache.catalina.connector.CoyoteAdapter.service(CoyoteAdapter.java:343)
		at org.apache.coyote.http11.Http11Processor.service(Http11Processor.java:408)
		at org.apache.coyote.AbstractProcessorLight.process(AbstractProcessorLight.java:66)
		at org.apache.coyote.AbstractProtocol$ConnectionHandler.process(AbstractProtocol.java:860)
		at org.apache.tomcat.util.net.NioEndpoint$SocketProcessor.doRun(NioEndpoint.java:1587)
		at org.apache.tomcat.util.net.SocketProcessorBase.run(SocketProcessorBase.java:49)
		at java.base/java.util.concurrent.ThreadPoolExecutor.runWorker(ThreadPoolExecutor.java:1128)
		at java.base/java.util.concurrent.ThreadPoolExecutor$Worker.run(ThreadPoolExecutor.java:628)
		at org.apache.tomcat.util.threads.TaskThread$WrappingRunnable.run(TaskThread.java:61)
		at java.base/java.lang.Thread.run(Thread.java:830)
24-Mar-2020 09:08:36.787 SEVERE [http-nio-8081-exec-6] org.apache.catalina.core.StandardWrapperValve.invoke Servlet.service() for servlet [Search] in context with path [/midp] threw exception
	java.lang.NullPointerException
		at sqlTransfer.DataTransfer.ReadDB(DataTransfer.java:100)
		at SearchServlet.doPost(SearchServlet.java:129)
		at javax.servlet.http.HttpServlet.service(HttpServlet.java:660)
		at javax.servlet.http.HttpServlet.service(HttpServlet.java:741)
		at org.apache.catalina.core.ApplicationFilterChain.internalDoFilter(ApplicationFilterChain.java:231)
		at org.apache.catalina.core.ApplicationFilterChain.doFilter(ApplicationFilterChain.java:166)
		at org.apache.tomcat.websocket.server.WsFilter.doFilter(WsFilter.java:53)
		at org.apache.catalina.core.ApplicationFilterChain.internalDoFilter(ApplicationFilterChain.java:193)
		at org.apache.catalina.core.ApplicationFilterChain.doFilter(ApplicationFilterChain.java:166)
		at org.apache.catalina.core.StandardWrapperValve.invoke(StandardWrapperValve.java:202)
		at org.apache.catalina.core.StandardContextValve.invoke(StandardContextValve.java:96)
		at org.apache.catalina.authenticator.AuthenticatorBase.invoke(AuthenticatorBase.java:526)
		at org.apache.catalina.core.StandardHostValve.invoke(StandardHostValve.java:139)
		at org.apache.catalina.valves.ErrorReportValve.invoke(ErrorReportValve.java:92)
		at org.apache.catalina.valves.AbstractAccessLogValve.invoke(AbstractAccessLogValve.java:678)
		at org.apache.catalina.core.StandardEngineValve.invoke(StandardEngineValve.java:74)
		at org.apache.catalina.connector.CoyoteAdapter.service(CoyoteAdapter.java:343)
		at org.apache.coyote.http11.Http11Processor.service(Http11Processor.java:408)
		at org.apache.coyote.AbstractProcessorLight.process(AbstractProcessorLight.java:66)
		at org.apache.coyote.AbstractProtocol$ConnectionHandler.process(AbstractProtocol.java:860)
		at org.apache.tomcat.util.net.NioEndpoint$SocketProcessor.doRun(NioEndpoint.java:1587)
		at org.apache.tomcat.util.net.SocketProcessorBase.run(SocketProcessorBase.java:49)
		at java.base/java.util.concurrent.ThreadPoolExecutor.runWorker(ThreadPoolExecutor.java:1128)
		at java.base/java.util.concurrent.ThreadPoolExecutor$Worker.run(ThreadPoolExecutor.java:628)
		at org.apache.tomcat.util.threads.TaskThread$WrappingRunnable.run(TaskThread.java:61)
		at java.base/java.lang.Thread.run(Thread.java:830)
24-Mar-2020 09:09:19.800 SEVERE [http-nio-8081-exec-4] org.apache.catalina.core.StandardWrapperValve.invoke Servlet.service() for servlet [Search] in context with path [/midp] threw exception
	java.lang.NullPointerException
		at sqlTransfer.DataTransfer.ReadDB(DataTransfer.java:100)
		at SearchServlet.doPost(SearchServlet.java:129)
		at javax.servlet.http.HttpServlet.service(HttpServlet.java:660)
		at javax.servlet.http.HttpServlet.service(HttpServlet.java:741)
		at org.apache.catalina.core.ApplicationFilterChain.internalDoFilter(ApplicationFilterChain.java:231)
		at org.apache.catalina.core.ApplicationFilterChain.doFilter(ApplicationFilterChain.java:166)
		at org.apache.tomcat.websocket.server.WsFilter.doFilter(WsFilter.java:53)
		at org.apache.catalina.core.ApplicationFilterChain.internalDoFilter(ApplicationFilterChain.java:193)
		at org.apache.catalina.core.ApplicationFilterChain.doFilter(ApplicationFilterChain.java:166)
		at org.apache.catalina.core.StandardWrapperValve.invoke(StandardWrapperValve.java:202)
		at org.apache.catalina.core.StandardContextValve.invoke(StandardContextValve.java:96)
		at org.apache.catalina.authenticator.AuthenticatorBase.invoke(AuthenticatorBase.java:526)
		at org.apache.catalina.core.StandardHostValve.invoke(StandardHostValve.java:139)
		at org.apache.catalina.valves.ErrorReportValve.invoke(ErrorReportValve.java:92)
		at org.apache.catalina.valves.AbstractAccessLogValve.invoke(AbstractAccessLogValve.java:678)
		at org.apache.catalina.core.StandardEngineValve.invoke(StandardEngineValve.java:74)
		at org.apache.catalina.connector.CoyoteAdapter.service(CoyoteAdapter.java:343)
		at org.apache.coyote.http11.Http11Processor.service(Http11Processor.java:408)
		at org.apache.coyote.AbstractProcessorLight.process(AbstractProcessorLight.java:66)
		at org.apache.coyote.AbstractProtocol$ConnectionHandler.process(AbstractProtocol.java:860)
		at org.apache.tomcat.util.net.NioEndpoint$SocketProcessor.doRun(NioEndpoint.java:1587)
		at org.apache.tomcat.util.net.SocketProcessorBase.run(SocketProcessorBase.java:49)
		at java.base/java.util.concurrent.ThreadPoolExecutor.runWorker(ThreadPoolExecutor.java:1128)
		at java.base/java.util.concurrent.ThreadPoolExecutor$Worker.run(ThreadPoolExecutor.java:628)
		at org.apache.tomcat.util.threads.TaskThread$WrappingRunnable.run(TaskThread.java:61)
		at java.base/java.lang.Thread.run(Thread.java:830)
24-Mar-2020 09:13:43.755 INFO [main] org.apache.catalina.core.ApplicationContext.log ContextListener: contextInitialized()
24-Mar-2020 09:13:43.755 INFO [main] org.apache.catalina.core.ApplicationContext.log SessionListener: contextInitialized()
24-Mar-2020 09:13:43.759 INFO [main] org.apache.catalina.core.ApplicationContext.log ContextListener: attributeAdded('StockTicker', 'async.Stockticker@44e93c1f')
24-Mar-2020 09:33:55.318 INFO [main] org.apache.catalina.core.ApplicationContext.log SessionListener: contextDestroyed()
24-Mar-2020 09:33:55.318 INFO [main] org.apache.catalina.core.ApplicationContext.log ContextListener: contextDestroyed()
24-Mar-2020 09:37:51.992 INFO [main] org.apache.catalina.core.ApplicationContext.log ContextListener: contextInitialized()
24-Mar-2020 09:37:51.992 INFO [main] org.apache.catalina.core.ApplicationContext.log SessionListener: contextInitialized()
24-Mar-2020 09:37:51.995 INFO [main] org.apache.catalina.core.ApplicationContext.log ContextListener: attributeAdded('StockTicker', 'async.Stockticker@9b21bd3')
24-Mar-2020 09:39:31.669 INFO [main] org.apache.catalina.core.ApplicationContext.log SessionListener: contextDestroyed()
24-Mar-2020 09:39:31.669 INFO [main] org.apache.catalina.core.ApplicationContext.log ContextListener: contextDestroyed()
24-Mar-2020 09:40:15.883 INFO [main] org.apache.catalina.core.ApplicationContext.log ContextListener: contextInitialized()
24-Mar-2020 09:40:15.884 INFO [main] org.apache.catalina.core.ApplicationContext.log SessionListener: contextInitialized()
24-Mar-2020 09:40:15.893 INFO [main] org.apache.catalina.core.ApplicationContext.log ContextListener: attributeAdded('StockTicker', 'async.Stockticker@44e93c1f')
24-Mar-2020 09:44:27.089 INFO [main] org.apache.catalina.core.ApplicationContext.log SessionListener: contextDestroyed()
24-Mar-2020 09:44:27.090 INFO [main] org.apache.catalina.core.ApplicationContext.log ContextListener: contextDestroyed()
24-Mar-2020 09:44:34.932 INFO [main] org.apache.catalina.core.ApplicationContext.log ContextListener: contextInitialized()
24-Mar-2020 09:44:34.933 INFO [main] org.apache.catalina.core.ApplicationContext.log SessionListener: contextInitialized()
24-Mar-2020 09:44:34.940 INFO [main] org.apache.catalina.core.ApplicationContext.log ContextListener: attributeAdded('StockTicker', 'async.Stockticker@36a6bea6')
24-Mar-2020 09:46:25.229 INFO [main] org.apache.catalina.core.ApplicationContext.log SessionListener: contextDestroyed()
24-Mar-2020 09:46:25.229 INFO [main] org.apache.catalina.core.ApplicationContext.log ContextListener: contextDestroyed()
24-Mar-2020 09:47:06.232 INFO [main] org.apache.catalina.core.ApplicationContext.log ContextListener: contextInitialized()
24-Mar-2020 09:47:06.232 INFO [main] org.apache.catalina.core.ApplicationContext.log SessionListener: contextInitialized()
24-Mar-2020 09:47:06.235 INFO [main] org.apache.catalina.core.ApplicationContext.log ContextListener: attributeAdded('StockTicker', 'async.Stockticker@65c33b92')
24-Mar-2020 09:51:51.804 INFO [main] org.apache.catalina.core.ApplicationContext.log SessionListener: contextDestroyed()
24-Mar-2020 09:51:51.804 INFO [main] org.apache.catalina.core.ApplicationContext.log ContextListener: contextDestroyed()
24-Mar-2020 09:53:05.619 INFO [main] org.apache.catalina.core.ApplicationContext.log ContextListener: contextInitialized()
24-Mar-2020 09:53:05.619 INFO [main] org.apache.catalina.core.ApplicationContext.log SessionListener: contextInitialized()
24-Mar-2020 09:53:05.622 INFO [main] org.apache.catalina.core.ApplicationContext.log ContextListener: attributeAdded('StockTicker', 'async.Stockticker@44e93c1f')
24-Mar-2020 09:54:36.730 INFO [main] org.apache.catalina.core.ApplicationContext.log SessionListener: contextDestroyed()
24-Mar-2020 09:54:36.730 INFO [main] org.apache.catalina.core.ApplicationContext.log ContextListener: contextDestroyed()
24-Mar-2020 09:55:09.128 INFO [main] org.apache.catalina.core.ApplicationContext.log ContextListener: contextInitialized()
24-Mar-2020 09:55:09.129 INFO [main] org.apache.catalina.core.ApplicationContext.log SessionListener: contextInitialized()
24-Mar-2020 09:55:09.131 INFO [main] org.apache.catalina.core.ApplicationContext.log ContextListener: attributeAdded('StockTicker', 'async.Stockticker@44e93c1f')
